<?xml version="1.0" encoding="UTF-8"?>
<!-- Generated by org.testng.reporters.JUnitXMLReporter -->
<testsuite ignored="1" hostname="DESKTOP-901RDSS" failures="0" tests="4" name="Test" time="0.089" errors="0" timestamp="2021-03-30T09:36:36 IST">
  <testcase classname="BasicCode.StudentName" name="NameStudent" time="0.012"/>
  <testcase classname="BasicCode.StudentName" name="TotleStudent" time="0.003"/>
  <testcase classname="BasicCode.StudentRollno" name="Rollno" time="0.003"/>
  <testcase classname="BasicCode.StudentBatch" name="BatchStu" time="0.002"/>
  <testcase classname="BasicCode.StudentFrom" name="From" time="0.0">
    <ignored/>
  </testcase> <!-- From -->
</testsuite> <!-- Test -->
